<<<<<<< HEAD
=======
[LOG] System::create                           : Header version = 2.02.26. Current version = 2.02.26.
[LOG] Manager::init                            : maxchannels = 256 studioflags = 00000006 flags 00000000 extradriverdata 0x0.
[LOG] SystemI::init                            : Initialize version=20226 (148250), maxchannels=256, flags=0x00020000
[LOG] SystemI::setOutputInternal               : Setting output to 'FMOD Core Audio Output'
[LOG] OutputCoreAudio::init                    : Output running 2 channels at 44100Hz sample rate.
[LOG] OutputCoreAudio::init                    : Maximum hardware read size: 512 samples, Software buffer size: 512 samples, Number of software buffers: 4.
[LOG] SystemI::init                            : Output requires a sample rate of 44100Hz, resampling will occur.
[LOG] Thread::initThread                       : Init FMOD stream thread. Affinity: 0x4000000000000003, Priority: 0xFFFF7FFB, Stack Size: 98304, Semaphore: No, Sleep Time: 10, Looping: Yes.
[LOG] Thread::initThread                       : Init FMOD mixer thread. Affinity: 0x4000000000000001, Priority: 0xFFFF7FFA, Stack Size: 81920, Semaphore: Yes, Sleep Time: 0, Looping: Yes.
[LOG] AsyncManager::init                       : manager 0x3b93db408 isAsync 0 updatePeriod 0.02
[LOG] AsyncManager::init                       : done
[LOG] PlaybackSystem::init                     : 
[LOG] Thread::initThread                       : Init FMOD Studio sample load thread. Affinity: 0x4000000000000003, Priority: 0xFFFF7FFD, Stack Size: 98304, Semaphore: No, Sleep Time: 1, Looping: No.
[LOG] PlaybackSystem::init                     : done
[LOG] Thread::initThread                       : Init FMOD Studio bank load thread. Affinity: 0x4000000000000003, Priority: 0xFFFF7FFD, Stack Size: 98304, Semaphore: No, Sleep Time: 1, Looping: No.
[LOG] Manager::init                            : done.
[LOG] Manager::readBank                        : fileversion = 142, compatVersion = 140 (oldest = 44, newest = 142)
[LOG] Manager::readBank                        : fileversion = 142, compatVersion = 140 (oldest = 44, newest = 142)
[LOG] PlaybackSystem::acquireMasterBus         : Setting master channel group format to 3
[WRN] FMOD_CHECKATTRIBUTES                     : Position vector { 1e+18, 1e+18, 1e+18 } is out of range.
[WRN] FMOD_CHECKATTRIBUTES                     : Position vector { 1e+18, 1e+18, 1e+18 } is out of range.
[LOG] SystemI::createSoundInternal             : Create name='', mode=0x02000202
[LOG] SystemI::createSoundInternal             : exinfo->cbsize             = 224
[LOG] SystemI::createSoundInternal             : exinfo->length             = 2545536
[LOG] SystemI::createSoundInternal             : exinfo->fileoffset         = 84576
[LOG] SystemI::createSoundInternal             : exinfo->numsubsounds       = 1
[LOG] SystemI::createSoundInternal             : exinfo->inclusionlist      = 0x16bf9a7f4
[LOG] SystemI::createSoundInternal             : exinfo->inclusionlistnum   = 1
[LOG] SystemI::createSoundInternal             : exinfo->suggestedsoundtype = 5
[LOG] SystemI::createSoundInternal             : exinfo->useropen           = 0x38200b18c
[LOG] SystemI::createSoundInternal             : exinfo->userclose          = 0x38200b25c
[LOG] SystemI::createSoundInternal             : exinfo->userread           = 0x38200b298
[LOG] SystemI::createSoundInternal             : exinfo->userseek           = 0x38200b368
[LOG] SystemI::createSoundInternal             : exinfo->fileuserdata       = 0x152720b78
[LOG] SystemI::createSoundInternal             : exinfo->initialseekpostype = 1
[LOG] SystemI::DSPCodecPoolRegister            : register codec pool for pool type 5
[LOG] SystemI::createSoundInternal             : Sample 0/1: name='LIQBubl_Plunger Bubbles Into Goopy Polenta_Felix Davin BPS 11 - Trimmed', format=5, channels=2, frequency=48000, lengthbytes=5088, lengthpcm=13197, pcmblocksize=0, loopstart=0, loopend=0, mode=0x00000000, channelmask=0x00000000, channelorder=0, peakvolume=0.432709.
[LOG] SystemI::createSoundInternal             : Create name='', mode=0x02000202
[LOG] SystemI::createSoundInternal             : exinfo->cbsize             = 224
[LOG] SystemI::createSoundInternal             : exinfo->length             = 2545536
[LOG] SystemI::createSoundInternal             : exinfo->fileoffset         = 84576
[LOG] SystemI::createSoundInternal             : exinfo->numsubsounds       = 1
[LOG] SystemI::createSoundInternal             : exinfo->inclusionlist      = 0x16bf9a7f4
[LOG] SystemI::createSoundInternal             : exinfo->inclusionlistnum   = 1
[LOG] SystemI::createSoundInternal             : exinfo->suggestedsoundtype = 5
[LOG] SystemI::createSoundInternal             : exinfo->useropen           = 0x38200b18c
[LOG] SystemI::createSoundInternal             : exinfo->userclose          = 0x38200b25c
[LOG] SystemI::createSoundInternal             : exinfo->userread           = 0x38200b298
[LOG] SystemI::createSoundInternal             : exinfo->userseek           = 0x38200b368
[LOG] SystemI::createSoundInternal             : exinfo->fileuserdata       = 0x152720b78
[LOG] SystemI::createSoundInternal             : exinfo->initialseekpostype = 1
[LOG] SystemI::DSPCodecPoolRegister            : register codec pool for pool type 5
[LOG] SystemI::createSoundInternal             : Sample 0/1: name='Amb_Thunder_RFX_08', format=5, channels=1, frequency=48000, lengthbytes=36672, lengthpcm=440650, pcmblocksize=0, loopstart=0, loopend=0, mode=0x00000000, channelmask=0x00000000, channelorder=0, peakvolume=0.717753.
[LOG] SystemI::createSoundInternal             : Create name='', mode=0x02000202
[LOG] SystemI::createSoundInternal             : exinfo->cbsize             = 224
[LOG] SystemI::createSoundInternal             : exinfo->length             = 2545536
[LOG] SystemI::createSoundInternal             : exinfo->fileoffset         = 84576
[LOG] SystemI::createSoundInternal             : exinfo->numsubsounds       = 1
[LOG] SystemI::createSoundInternal             : exinfo->inclusionlist      = 0x16bf9a7f4
[LOG] SystemI::createSoundInternal             : exinfo->inclusionlistnum   = 1
[LOG] SystemI::createSoundInternal             : exinfo->suggestedsoundtype = 5
[LOG] SystemI::createSoundInternal             : exinfo->useropen           = 0x38200b18c
[LOG] SystemI::createSoundInternal             : exinfo->userclose          = 0x38200b25c
[LOG] SystemI::createSoundInternal             : exinfo->userread           = 0x38200b298
[LOG] SystemI::createSoundInternal             : exinfo->userseek           = 0x38200b368
[LOG] SystemI::createSoundInternal             : exinfo->fileuserdata       = 0x152720b78
[LOG] SystemI::createSoundInternal             : exinfo->initialseekpostype = 1
[LOG] SystemI::DSPCodecPoolRegister            : register codec pool for pool type 5
[LOG] SystemI::createSoundInternal             : Sample 0/1: name='LIQBubl_Plunger Bubbles Into Goopy Polenta_Felix Davin BPS 8 - Trimmed', format=5, channels=2, frequency=48000, lengthbytes=9408, lengthpcm=26752, pcmblocksize=0, loopstart=0, loopend=0, mode=0x00000000, channelmask=0x00000000, channelorder=0, peakvolume=0.577759.
[LOG] SystemI::createSoundInternal             : Create name='', mode=0x02000202
[LOG] SystemI::createSoundInternal             : exinfo->cbsize             = 224
[LOG] SystemI::createSoundInternal             : exinfo->length             = 2545536
[LOG] SystemI::createSoundInternal             : exinfo->fileoffset         = 84576
[LOG] SystemI::createSoundInternal             : exinfo->numsubsounds       = 1
[LOG] SystemI::createSoundInternal             : exinfo->inclusionlist      = 0x16bf9a7f4
[LOG] SystemI::createSoundInternal             : exinfo->inclusionlistnum   = 1
[LOG] SystemI::createSoundInternal             : exinfo->suggestedsoundtype = 5
[LOG] SystemI::createSoundInternal             : exinfo->useropen           = 0x38200b18c
[LOG] SystemI::createSoundInternal             : exinfo->userclose          = 0x38200b25c
[LOG] SystemI::createSoundInternal             : exinfo->userread           = 0x38200b298
[LOG] SystemI::createSoundInternal             : exinfo->userseek           = 0x38200b368
[LOG] SystemI::createSoundInternal             : exinfo->fileuserdata       = 0x152720b78
[LOG] SystemI::createSoundInternal             : exinfo->initialseekpostype = 1
[LOG] SystemI::DSPCodecPoolRegister            : register codec pool for pool type 5
[LOG] SystemI::createSoundInternal             : Sample 0/1: name='WATRBubl_Straw Blow Bubbles Multi Short_Kristen Quinn_CSWaterIce_Aquarian Audio H2a 8', format=5, channels=1, frequency=48000, lengthbytes=2496, lengthpcm=19066, pcmblocksize=0, loopstart=0, loopend=0, mode=0x00000000, channelmask=0x00000000, channelorder=0, peakvolume=0.189117.
[LOG] SystemI::createSoundInternal             : Create name='', mode=0x02000202
[LOG] SystemI::createSoundInternal             : exinfo->cbsize             = 224
[LOG] SystemI::createSoundInternal             : exinfo->length             = 2545536
[LOG] SystemI::createSoundInternal             : exinfo->fileoffset         = 84576
[LOG] SystemI::createSoundInternal             : exinfo->numsubsounds       = 1
[LOG] SystemI::createSoundInternal             : exinfo->inclusionlist      = 0x16bf9a7f4
[LOG] SystemI::createSoundInternal             : exinfo->inclusionlistnum   = 1
[LOG] SystemI::createSoundInternal             : exinfo->suggestedsoundtype = 5
[LOG] SystemI::createSoundInternal             : exinfo->useropen           = 0x38200b18c
[LOG] SystemI::createSoundInternal             : exinfo->userclose          = 0x38200b25c
[LOG] SystemI::createSoundInternal             : exinfo->userread           = 0x38200b298
[LOG] SystemI::createSoundInternal             : exinfo->userseek           = 0x38200b368
[LOG] SystemI::createSoundInternal             : exinfo->fileuserdata       = 0x152720b78
[LOG] SystemI::createSoundInternal             : exinfo->initialseekpostype = 1
[LOG] SystemI::DSPCodecPoolRegister            : register codec pool for pool type 5
[LOG] SystemI::createSoundInternal             : Sample 0/1: name='LIQBubl_Plunger Bubbles Into Goopy Polenta_Felix Davin BPS 7 - Trimmed', format=5, channels=2, frequency=48000, lengthbytes=7488, lengthpcm=22718, pcmblocksize=0, loopstart=0, loopend=0, mode=0x00000000, channelmask=0x00000000, channelorder=0, peakvolume=0.546051.
[LOG] SystemI::createSoundInternal             : Create name='', mode=0x02000202
[LOG] SystemI::createSoundInternal             : exinfo->cbsize             = 224
[LOG] SystemI::createSoundInternal             : exinfo->length             = 2545536
[LOG] SystemI::createSoundInternal             : exinfo->fileoffset         = 84576
[LOG] SystemI::createSoundInternal             : exinfo->numsubsounds       = 1
[LOG] SystemI::createSoundInternal             : exinfo->inclusionlist      = 0x16bf9a7f4
[LOG] SystemI::createSoundInternal             : exinfo->inclusionlistnum   = 1
[LOG] SystemI::createSoundInternal             : exinfo->suggestedsoundtype = 5
[LOG] SystemI::createSoundInternal             : exinfo->useropen           = 0x38200b18c
[LOG] SystemI::createSoundInternal             : exinfo->userclose          = 0x38200b25c
[LOG] SystemI::createSoundInternal             : exinfo->userread           = 0x38200b298
[LOG] SystemI::createSoundInternal             : exinfo->userseek           = 0x38200b368
[LOG] SystemI::createSoundInternal             : exinfo->fileuserdata       = 0x152720b78
[LOG] SystemI::createSoundInternal             : exinfo->initialseekpostype = 1
[LOG] SystemI::DSPCodecPoolRegister            : register codec pool for pool type 5
[LOG] SystemI::createSoundInternal             : Sample 0/1: name='LIQBubl_Plunger Bubbles Into Goopy Polenta_Felix Davin BPS 5 - Trimmed', format=5, channels=2, frequency=48000, lengthbytes=10752, lengthpcm=34116, pcmblocksize=0, loopstart=0, loopend=0, mode=0x00000000, channelmask=0x00000000, channelorder=0, peakvolume=0.153442.
[LOG] SystemI::createSoundInternal             : Create name='', mode=0x02000202
[LOG] SystemI::createSoundInternal             : exinfo->cbsize             = 224
[LOG] SystemI::createSoundInternal             : exinfo->length             = 2545536
[LOG] SystemI::createSoundInternal             : exinfo->fileoffset         = 84576
[LOG] SystemI::createSoundInternal             : exinfo->numsubsounds       = 1
[LOG] SystemI::createSoundInternal             : exinfo->inclusionlist      = 0x16bf9a7f4
[LOG] SystemI::createSoundInternal             : exinfo->inclusionlistnum   = 1
[LOG] SystemI::createSoundInternal             : exinfo->suggestedsoundtype = 5
[LOG] SystemI::createSoundInternal             : exinfo->useropen           = 0x38200b18c
[LOG] SystemI::createSoundInternal             : exinfo->userclose          = 0x38200b25c
[LOG] SystemI::createSoundInternal             : exinfo->userread           = 0x38200b298
[LOG] SystemI::createSoundInternal             : exinfo->userseek           = 0x38200b368
[LOG] SystemI::createSoundInternal             : exinfo->fileuserdata       = 0x152720b78
[LOG] SystemI::createSoundInternal             : exinfo->initialseekpostype = 1
[LOG] SystemI::DSPCodecPoolRegister            : register codec pool for pool type 5
[LOG] SystemI::createSoundInternal             : Sample 0/1: name='WATRBubl_Straw Blow Bubbles Multi Short_Kristen Quinn_CSWaterIce_Aquarian Audio H2a 10', format=5, channels=1, frequency=48000, lengthbytes=2592, lengthpcm=18858, pcmblocksize=0, loopstart=0, loopend=0, mode=0x00000000, channelmask=0x00000000, channelorder=0, peakvolume=0.222076.
[LOG] SystemI::createSoundInternal             : Create name='', mode=0x02000202
[LOG] SystemI::createSoundInternal             : exinfo->cbsize             = 224
[LOG] SystemI::createSoundInternal             : exinfo->length             = 2545536
[LOG] SystemI::createSoundInternal             : exinfo->fileoffset         = 84576
[LOG] SystemI::createSoundInternal             : exinfo->numsubsounds       = 1
[LOG] SystemI::createSoundInternal             : exinfo->inclusionlist      = 0x16bf9a7f4
[LOG] SystemI::createSoundInternal             : exinfo->inclusionlistnum   = 1
[LOG] SystemI::createSoundInternal             : exinfo->suggestedsoundtype = 5
[LOG] SystemI::createSoundInternal             : exinfo->useropen           = 0x38200b18c
[LOG] SystemI::createSoundInternal             : exinfo->userclose          = 0x38200b25c
[LOG] SystemI::createSoundInternal             : exinfo->userread           = 0x38200b298
[LOG] SystemI::createSoundInternal             : exinfo->userseek           = 0x38200b368
[LOG] SystemI::createSoundInternal             : exinfo->fileuserdata       = 0x152720b78
[LOG] SystemI::createSoundInternal             : exinfo->initialseekpostype = 1
[LOG] SystemI::DSPCodecPoolRegister            : register codec pool for pool type 5
[LOG] SystemI::createSoundInternal             : Sample 0/1: name='WATRBubl_Straw Blow Bubbles Multi Short_Kristen Quinn_CSWaterIce_Aquarian Audio H2a 4', format=5, channels=1, frequency=48000, lengthbytes=3488, lengthpcm=25384, pcmblocksize=0, loopstart=0, loopend=0, mode=0x00000000, channelmask=0x00000000, channelorder=0, peakvolume=0.192017.
[LOG] SystemI::createSoundInternal             : Create name='', mode=0x02000202
[LOG] SystemI::createSoundInternal             : exinfo->cbsize             = 224
[LOG] SystemI::createSoundInternal             : exinfo->length             = 2545536
[LOG] SystemI::createSoundInternal             : exinfo->fileoffset         = 84576
[LOG] SystemI::createSoundInternal             : exinfo->numsubsounds       = 1
[LOG] SystemI::createSoundInternal             : exinfo->inclusionlist      = 0x16bf9a7f4
[LOG] SystemI::createSoundInternal             : exinfo->inclusionlistnum   = 1
[LOG] SystemI::createSoundInternal             : exinfo->suggestedsoundtype = 5
[LOG] SystemI::createSoundInternal             : exinfo->useropen           = 0x38200b18c
[LOG] SystemI::createSoundInternal             : exinfo->userclose          = 0x38200b25c
[LOG] SystemI::createSoundInternal             : exinfo->userread           = 0x38200b298
[LOG] SystemI::createSoundInternal             : exinfo->userseek           = 0x38200b368
[LOG] SystemI::createSoundInternal             : exinfo->fileuserdata       = 0x152720b78
[LOG] SystemI::createSoundInternal             : exinfo->initialseekpostype = 1
[LOG] SystemI::DSPCodecPoolRegister            : register codec pool for pool type 5
[LOG] SystemI::createSoundInternal             : Sample 0/1: name='Amb_Thunder_RFX_01', format=5, channels=1, frequency=48000, lengthbytes=25376, lengthpcm=422614, pcmblocksize=0, loopstart=0, loopend=0, mode=0x00000000, channelmask=0x00000000, channelorder=0, peakvolume=0.590540.
[LOG] SystemI::createSoundInternal             : Create name='', mode=0x02000202
[LOG] SystemI::createSoundInternal             : exinfo->cbsize             = 224
[LOG] SystemI::createSoundInternal             : exinfo->length             = 2545536
[LOG] SystemI::createSoundInternal             : exinfo->fileoffset         = 84576
[LOG] SystemI::createSoundInternal             : exinfo->numsubsounds       = 1
[LOG] SystemI::createSoundInternal             : exinfo->inclusionlist      = 0x16bf9a7f4
[LOG] SystemI::createSoundInternal             : exinfo->inclusionlistnum   = 1
[LOG] SystemI::createSoundInternal             : exinfo->suggestedsoundtype = 5
[LOG] SystemI::createSoundInternal             : exinfo->useropen           = 0x38200b18c
[LOG] SystemI::createSoundInternal             : exinfo->userclose          = 0x38200b25c
[LOG] SystemI::createSoundInternal             : exinfo->userread           = 0x38200b298
[LOG] SystemI::createSoundInternal             : exinfo->userseek           = 0x38200b368
[LOG] SystemI::createSoundInternal             : exinfo->fileuserdata       = 0x152720b78
[LOG] SystemI::createSoundInternal             : exinfo->initialseekpostype = 1
[LOG] SystemI::DSPCodecPoolRegister            : register codec pool for pool type 5
[LOG] SystemI::createSoundInternal             : Sample 0/1: name='WATRBubl_Straw Blow Bubbles Multi Short_Kristen Quinn_CSWaterIce_Aquarian Audio H2a 9', format=5, channels=1, frequency=48000, lengthbytes=3552, lengthpcm=27168, pcmblocksize=0, loopstart=0, loopend=0, mode=0x00000000, channelmask=0x00000000, channelorder=0, peakvolume=0.171570.
[LOG] SystemI::createSoundInternal             : Create name='', mode=0x02000202
[LOG] SystemI::createSoundInternal             : exinfo->cbsize             = 224
[LOG] SystemI::createSoundInternal             : exinfo->length             = 2545536
[LOG] SystemI::createSoundInternal             : exinfo->fileoffset         = 84576
[LOG] SystemI::createSoundInternal             : exinfo->numsubsounds       = 1
[LOG] SystemI::createSoundInternal             : exinfo->inclusionlist      = 0x16bf9a7f4
[LOG] SystemI::createSoundInternal             : exinfo->inclusionlistnum   = 1
[LOG] SystemI::createSoundInternal             : exinfo->suggestedsoundtype = 5
[LOG] SystemI::createSoundInternal             : exinfo->useropen           = 0x38200b18c
[LOG] SystemI::createSoundInternal             : exinfo->userclose          = 0x38200b25c
[LOG] SystemI::createSoundInternal             : exinfo->userread           = 0x38200b298
[LOG] SystemI::createSoundInternal             : exinfo->userseek           = 0x38200b368
[LOG] SystemI::createSoundInternal             : exinfo->fileuserdata       = 0x152720b78
[LOG] SystemI::createSoundInternal             : exinfo->initialseekpostype = 1
[LOG] SystemI::DSPCodecPoolRegister            : register codec pool for pool type 5
[LOG] SystemI::createSoundInternal             : Sample 0/1: name='WATRBubl_Straw Blow Bubbles Multi Short_Kristen Quinn_CSWaterIce_Aquarian Audio H2a 7', format=5, channels=1, frequency=48000, lengthbytes=2208, lengthpcm=17364, pcmblocksize=0, loopstart=0, loopend=0, mode=0x00000000, channelmask=0x00000000, channelorder=0, peakvolume=0.200623.
[LOG] SystemI::createSoundInternal             : Create name='', mode=0x02000202
[LOG] SystemI::createSoundInternal             : exinfo->cbsize             = 224
[LOG] SystemI::createSoundInternal             : exinfo->length             = 2545536
[LOG] SystemI::createSoundInternal             : exinfo->fileoffset         = 84576
[LOG] SystemI::createSoundInternal             : exinfo->numsubsounds       = 1
[LOG] SystemI::createSoundInternal             : exinfo->inclusionlist      = 0x16bf9a7f4
[LOG] SystemI::createSoundInternal             : exinfo->inclusionlistnum   = 1
[LOG] SystemI::createSoundInternal             : exinfo->suggestedsoundtype = 5
[LOG] SystemI::createSoundInternal             : exinfo->useropen           = 0x38200b18c
[LOG] SystemI::createSoundInternal             : exinfo->userclose          = 0x38200b25c
[LOG] SystemI::createSoundInternal             : exinfo->userread           = 0x38200b298
[LOG] SystemI::createSoundInternal             : exinfo->userseek           = 0x38200b368
[LOG] SystemI::createSoundInternal             : exinfo->fileuserdata       = 0x152720b78
[LOG] SystemI::createSoundInternal             : exinfo->initialseekpostype = 1
[LOG] SystemI::DSPCodecPoolRegister            : register codec pool for pool type 5
[LOG] SystemI::createSoundInternal             : Sample 0/1: name='Amb_Thunder_RFX_04', format=5, channels=1, frequency=48000, lengthbytes=57120, lengthpcm=476902, pcmblocksize=0, loopstart=0, loopend=0, mode=0x00000000, channelmask=0x00000000, channelorder=0, peakvolume=0.470859.
[LOG] SystemI::createSoundInternal             : Create name='', mode=0x02000202
[LOG] SystemI::createSoundInternal             : exinfo->cbsize             = 224
[LOG] SystemI::createSoundInternal             : exinfo->length             = 2545536
[LOG] SystemI::createSoundInternal             : exinfo->fileoffset         = 84576
[LOG] SystemI::createSoundInternal             : exinfo->numsubsounds       = 1
[LOG] SystemI::createSoundInternal             : exinfo->inclusionlist      = 0x16bf9a7f4
[LOG] SystemI::createSoundInternal             : exinfo->inclusionlistnum   = 1
[LOG] SystemI::createSoundInternal             : exinfo->suggestedsoundtype = 5
[LOG] SystemI::createSoundInternal             : exinfo->useropen           = 0x38200b18c
[LOG] SystemI::createSoundInternal             : exinfo->userclose          = 0x38200b25c
[LOG] SystemI::createSoundInternal             : exinfo->userread           = 0x38200b298
[LOG] SystemI::createSoundInternal             : exinfo->userseek           = 0x38200b368
[LOG] SystemI::createSoundInternal             : exinfo->fileuserdata       = 0x152720b78
[LOG] SystemI::createSoundInternal             : exinfo->initialseekpostype = 1
[LOG] SystemI::DSPCodecPoolRegister            : register codec pool for pool type 5
[LOG] SystemI::createSoundInternal             : Sample 0/1: name='LIQBubl_Plunger Bubbles Into Goopy Polenta_Felix Davin BPS 10 - Trimmed', format=5, channels=2, frequency=48000, lengthbytes=8096, lengthpcm=22201, pcmblocksize=0, loopstart=0, loopend=0, mode=0x00000000, channelmask=0x00000000, channelorder=0, peakvolume=0.390198.
[LOG] SystemI::createSoundInternal             : Create name='', mode=0x02000202
[LOG] SystemI::createSoundInternal             : exinfo->cbsize             = 224
[LOG] SystemI::createSoundInternal             : exinfo->length             = 2545536
[LOG] SystemI::createSoundInternal             : exinfo->fileoffset         = 84576
[LOG] SystemI::createSoundInternal             : exinfo->numsubsounds       = 1
[LOG] SystemI::createSoundInternal             : exinfo->inclusionlist      = 0x16bf9a7f4
[LOG] SystemI::createSoundInternal             : exinfo->inclusionlistnum   = 1
[LOG] SystemI::createSoundInternal             : exinfo->suggestedsoundtype = 5
[LOG] SystemI::createSoundInternal             : exinfo->useropen           = 0x38200b18c
[LOG] SystemI::createSoundInternal             : exinfo->userclose          = 0x38200b25c
[LOG] SystemI::createSoundInternal             : exinfo->userread           = 0x38200b298
[LOG] SystemI::createSoundInternal             : exinfo->userseek           = 0x38200b368
[LOG] SystemI::createSoundInternal             : exinfo->fileuserdata       = 0x152720b78
[LOG] SystemI::createSoundInternal             : exinfo->initialseekpostype = 1
[LOG] SystemI::DSPCodecPoolRegister            : register codec pool for pool type 5
[LOG] SystemI::createSoundInternal             : Sample 0/1: name='WATRBubl_Straw Blow Bubbles Multi Short_Kristen Quinn_CSWaterIce_Aquarian Audio H2a 2', format=5, channels=1, frequency=48000, lengthbytes=3488, lengthpcm=24254, pcmblocksize=0, loopstart=0, loopend=0, mode=0x00000000, channelmask=0x00000000, channelorder=0, peakvolume=0.136230.
[LOG] SystemI::createSoundInternal             : Create name='', mode=0x02000202
[LOG] SystemI::createSoundInternal             : exinfo->cbsize             = 224
[LOG] SystemI::createSoundInternal             : exinfo->length             = 2545536
[LOG] SystemI::createSoundInternal             : exinfo->fileoffset         = 84576
[LOG] SystemI::createSoundInternal             : exinfo->numsubsounds       = 1
[LOG] SystemI::createSoundInternal             : exinfo->inclusionlist      = 0x16bf9a7f4
[LOG] SystemI::createSoundInternal             : exinfo->inclusionlistnum   = 1
[LOG] SystemI::createSoundInternal             : exinfo->suggestedsoundtype = 5
[LOG] SystemI::createSoundInternal             : exinfo->useropen           = 0x38200b18c
[LOG] SystemI::createSoundInternal             : exinfo->userclose          = 0x38200b25c
[LOG] SystemI::createSoundInternal             : exinfo->userread           = 0x38200b298
[LOG] SystemI::createSoundInternal             : exinfo->userseek           = 0x38200b368
[LOG] SystemI::createSoundInternal             : exinfo->fileuserdata       = 0x152720b78
[LOG] SystemI::createSoundInternal             : exinfo->initialseekpostype = 1
[LOG] SystemI::DSPCodecPoolRegister            : register codec pool for pool type 5
[LOG] SystemI::createSoundInternal             : Sample 0/1: name='B', format=5, channels=2, frequency=48000, lengthbytes=8576, lengthpcm=27558, pcmblocksize=0, loopstart=0, loopend=0, mode=0x00000000, channelmask=0x00000000, channelorder=0, peakvolume=0.193207.
[LOG] SystemI::createSoundInternal             : Create name='', mode=0x02000202
[LOG] SystemI::createSoundInternal             : exinfo->cbsize             = 224
[LOG] SystemI::createSoundInternal             : exinfo->length             = 2545536
[LOG] SystemI::createSoundInternal             : exinfo->fileoffset         = 84576
[LOG] SystemI::createSoundInternal             : exinfo->numsubsounds       = 1
[LOG] SystemI::createSoundInternal             : exinfo->inclusionlist      = 0x16bf9a7f4
[LOG] SystemI::createSoundInternal             : exinfo->inclusionlistnum   = 1
[LOG] SystemI::createSoundInternal             : exinfo->suggestedsoundtype = 5
[LOG] SystemI::createSoundInternal             : exinfo->useropen           = 0x38200b18c
[LOG] SystemI::createSoundInternal             : exinfo->userclose          = 0x38200b25c
[LOG] SystemI::createSoundInternal             : exinfo->userread           = 0x38200b298
[LOG] SystemI::createSoundInternal             : exinfo->userseek           = 0x38200b368
[LOG] SystemI::createSoundInternal             : exinfo->fileuserdata       = 0x152720b78
[LOG] SystemI::createSoundInternal             : exinfo->initialseekpostype = 1
[LOG] SystemI::DSPCodecPoolRegister            : register codec pool for pool type 5
[LOG] SystemI::createSoundInternal             : Sample 0/1: name='WATRBubl_Straw Blow Bubbles Multi Short_Kristen Quinn_CSWaterIce_Aquarian Audio H2a 6', format=5, channels=1, frequency=48000, lengthbytes=1792, lengthpcm=12562, pcmblocksize=0, loopstart=0, loopend=0, mode=0x00000000, channelmask=0x00000000, channelorder=0, peakvolume=0.331909.
[LOG] SystemI::createSoundInternal             : Create name='', mode=0x02000202
[LOG] SystemI::createSoundInternal             : exinfo->cbsize             = 224
[LOG] SystemI::createSoundInternal             : exinfo->length             = 2545536
[LOG] SystemI::createSoundInternal             : exinfo->fileoffset         = 84576
[LOG] SystemI::createSoundInternal             : exinfo->numsubsounds       = 1
[LOG] SystemI::createSoundInternal             : exinfo->inclusionlist      = 0x16bf9a7f4
[LOG] SystemI::createSoundInternal             : exinfo->inclusionlistnum   = 1
[LOG] SystemI::createSoundInternal             : exinfo->suggestedsoundtype = 5
[LOG] SystemI::createSoundInternal             : exinfo->useropen           = 0x38200b18c
[LOG] SystemI::createSoundInternal             : exinfo->userclose          = 0x38200b25c
[LOG] SystemI::createSoundInternal             : exinfo->userread           = 0x38200b298
[LOG] SystemI::createSoundInternal             : exinfo->userseek           = 0x38200b368
[LOG] SystemI::createSoundInternal             : exinfo->fileuserdata       = 0x152720b78
[LOG] SystemI::createSoundInternal             : exinfo->initialseekpostype = 1
[LOG] SystemI::DSPCodecPoolRegister            : register codec pool for pool type 5
[LOG] SystemI::createSoundInternal             : Sample 0/1: name='WATRBubl_Straw Blow Bubbles Multi Short_Kristen Quinn_CSWaterIce_Aquarian Audio H2a 5', format=5, channels=1, frequency=48000, lengthbytes=3424, lengthpcm=24422, pcmblocksize=0, loopstart=0, loopend=0, mode=0x00000000, channelmask=0x00000000, channelorder=0, peakvolume=0.337585.
[LOG] SystemI::createSoundInternal             : Create name='', mode=0x02000202
[LOG] SystemI::createSoundInternal             : exinfo->cbsize             = 224
[LOG] SystemI::createSoundInternal             : exinfo->length             = 2545536
[LOG] SystemI::createSoundInternal             : exinfo->fileoffset         = 84576
[LOG] SystemI::createSoundInternal             : exinfo->numsubsounds       = 1
[LOG] SystemI::createSoundInternal             : exinfo->inclusionlist      = 0x16bf9a7f4
[LOG] SystemI::createSoundInternal             : exinfo->inclusionlistnum   = 1
[LOG] SystemI::createSoundInternal             : exinfo->suggestedsoundtype = 5
[LOG] SystemI::createSoundInternal             : exinfo->useropen           = 0x38200b18c
[LOG] SystemI::createSoundInternal             : exinfo->userclose          = 0x38200b25c
[LOG] SystemI::createSoundInternal             : exinfo->userread           = 0x38200b298
[LOG] SystemI::createSoundInternal             : exinfo->userseek           = 0x38200b368
[LOG] SystemI::createSoundInternal             : exinfo->fileuserdata       = 0x152720b78
[LOG] SystemI::createSoundInternal             : exinfo->initialseekpostype = 1
[LOG] SystemI::DSPCodecPoolRegister            : register codec pool for pool type 5
[LOG] SystemI::createSoundInternal             : Sample 0/1: name='WATRBubl_Straw Blow Bubbles Multi Short_Kristen Quinn_CSWaterIce_Aquarian Audio H2a 1', format=5, channels=1, frequency=48000, lengthbytes=2432, lengthpcm=17988, pcmblocksize=0, loopstart=0, loopend=0, mode=0x00000000, channelmask=0x00000000, channelorder=0, peakvolume=0.154602.
[LOG] SystemI::createSoundInternal             : Create name='', mode=0x02000202
[LOG] SystemI::createSoundInternal             : exinfo->cbsize             = 224
[LOG] SystemI::createSoundInternal             : exinfo->length             = 2545536
[LOG] SystemI::createSoundInternal             : exinfo->fileoffset         = 84576
[LOG] SystemI::createSoundInternal             : exinfo->numsubsounds       = 1
[LOG] SystemI::createSoundInternal             : exinfo->inclusionlist      = 0x16bf9a7f4
[LOG] SystemI::createSoundInternal             : exinfo->inclusionlistnum   = 1
[LOG] SystemI::createSoundInternal             : exinfo->suggestedsoundtype = 5
[LOG] SystemI::createSoundInternal             : exinfo->useropen           = 0x38200b18c
[LOG] SystemI::createSoundInternal             : exinfo->userclose          = 0x38200b25c
[LOG] SystemI::createSoundInternal             : exinfo->userread           = 0x38200b298
[LOG] SystemI::createSoundInternal             : exinfo->userseek           = 0x38200b368
[LOG] SystemI::createSoundInternal             : exinfo->fileuserdata       = 0x152720b78
[LOG] SystemI::createSoundInternal             : exinfo->initialseekpostype = 1
[LOG] SystemI::DSPCodecPoolRegister            : register codec pool for pool type 5
[LOG] SystemI::createSoundInternal             : Sample 0/1: name='LIQBubl_Plunger Bubbles Into Goopy Polenta_Felix Davin BPS 4 - Trimmed', format=5, channels=2, frequency=48000, lengthbytes=5568, lengthpcm=15955, pcmblocksize=0, loopstart=0, loopend=0, mode=0x00000000, channelmask=0x00000000, channelorder=0, peakvolume=0.084564.
[LOG] SystemI::createSoundInternal             : Create name='', mode=0x02000202
[LOG] SystemI::createSoundInternal             : exinfo->cbsize             = 224
[LOG] SystemI::createSoundInternal             : exinfo->length             = 2545536
[LOG] SystemI::createSoundInternal             : exinfo->fileoffset         = 84576
[LOG] SystemI::createSoundInternal             : exinfo->numsubsounds       = 1
[LOG] SystemI::createSoundInternal             : exinfo->inclusionlist      = 0x16bf9a7f4
[LOG] SystemI::createSoundInternal             : exinfo->inclusionlistnum   = 1
[LOG] SystemI::createSoundInternal             : exinfo->suggestedsoundtype = 5
[LOG] SystemI::createSoundInternal             : exinfo->useropen           = 0x38200b18c
[LOG] SystemI::createSoundInternal             : exinfo->userclose          = 0x38200b25c
[LOG] SystemI::createSoundInternal             : exinfo->userread           = 0x38200b298
[LOG] SystemI::createSoundInternal             : exinfo->userseek           = 0x38200b368
[LOG] SystemI::createSoundInternal             : exinfo->fileuserdata       = 0x152720b78
[LOG] SystemI::createSoundInternal             : exinfo->initialseekpostype = 1
[LOG] SystemI::DSPCodecPoolRegister            : register codec pool for pool type 5
[LOG] SystemI::createSoundInternal             : Sample 0/1: name='WATRBubl_Straw Blow Bubbles Multi Short_Kristen Quinn_CSWaterIce_Aquarian Audio H2a', format=5, channels=1, frequency=48000, lengthbytes=2112, lengthpcm=17886, pcmblocksize=0, loopstart=0, loopend=0, mode=0x00000000, channelmask=0x00000000, channelorder=0, peakvolume=0.188904.
[LOG] SystemI::createSoundInternal             : Create name='', mode=0x02000202
[LOG] SystemI::createSoundInternal             : exinfo->cbsize             = 224
[LOG] SystemI::createSoundInternal             : exinfo->length             = 2545536
[LOG] SystemI::createSoundInternal             : exinfo->fileoffset         = 84576
[LOG] SystemI::createSoundInternal             : exinfo->numsubsounds       = 1
[LOG] SystemI::createSoundInternal             : exinfo->inclusionlist      = 0x16bf9a7f4
[LOG] SystemI::createSoundInternal             : exinfo->inclusionlistnum   = 1
[LOG] SystemI::createSoundInternal             : exinfo->suggestedsoundtype = 5
[LOG] SystemI::createSoundInternal             : exinfo->useropen           = 0x38200b18c
[LOG] SystemI::createSoundInternal             : exinfo->userclose          = 0x38200b25c
[LOG] SystemI::createSoundInternal             : exinfo->userread           = 0x38200b298
[LOG] SystemI::createSoundInternal             : exinfo->userseek           = 0x38200b368
[LOG] SystemI::createSoundInternal             : exinfo->fileuserdata       = 0x152720b78
[LOG] SystemI::createSoundInternal             : exinfo->initialseekpostype = 1
[LOG] SystemI::DSPCodecPoolRegister            : register codec pool for pool type 5
[LOG] SystemI::createSoundInternal             : Sample 0/1: name='LIQBubl_Plunger Bubbles Into Goopy Polenta_Felix Davin BPS 6 - Trimmed', format=5, channels=2, frequency=48000, lengthbytes=5856, lengthpcm=16898, pcmblocksize=0, loopstart=0, loopend=0, mode=0x00000000, channelmask=0x00000000, channelorder=0, peakvolume=0.085876.
[LOG] SystemI::createSoundInternal             : Create name='', mode=0x02000202
[LOG] SystemI::createSoundInternal             : exinfo->cbsize             = 224
[LOG] SystemI::createSoundInternal             : exinfo->length             = 2545536
[LOG] SystemI::createSoundInternal             : exinfo->fileoffset         = 84576
[LOG] SystemI::createSoundInternal             : exinfo->numsubsounds       = 1
[LOG] SystemI::createSoundInternal             : exinfo->inclusionlist      = 0x16bf9a7f4
[LOG] SystemI::createSoundInternal             : exinfo->inclusionlistnum   = 1
[LOG] SystemI::createSoundInternal             : exinfo->suggestedsoundtype = 5
[LOG] SystemI::createSoundInternal             : exinfo->useropen           = 0x38200b18c
[LOG] SystemI::createSoundInternal             : exinfo->userclose          = 0x38200b25c
[LOG] SystemI::createSoundInternal             : exinfo->userread           = 0x38200b298
[LOG] SystemI::createSoundInternal             : exinfo->userseek           = 0x38200b368
[LOG] SystemI::createSoundInternal             : exinfo->fileuserdata       = 0x152720b78
[LOG] SystemI::createSoundInternal             : exinfo->initialseekpostype = 1
[LOG] SystemI::DSPCodecPoolRegister            : register codec pool for pool type 5
[LOG] SystemI::createSoundInternal             : Sample 0/1: name='Amb_Thunder_RFX_03', format=5, channels=1, frequency=48000, lengthbytes=26016, lengthpcm=213994, pcmblocksize=0, loopstart=0, loopend=0, mode=0x00000000, channelmask=0x00000000, channelorder=0, peakvolume=0.447251.
[LOG] SystemI::createSoundInternal             : Create name='', mode=0x02000202
[LOG] SystemI::createSoundInternal             : exinfo->cbsize             = 224
[LOG] SystemI::createSoundInternal             : exinfo->length             = 2545536
[LOG] SystemI::createSoundInternal             : exinfo->fileoffset         = 84576
[LOG] SystemI::createSoundInternal             : exinfo->numsubsounds       = 1
[LOG] SystemI::createSoundInternal             : exinfo->inclusionlist      = 0x16bf9a7f4
[LOG] SystemI::createSoundInternal             : exinfo->inclusionlistnum   = 1
[LOG] SystemI::createSoundInternal             : exinfo->suggestedsoundtype = 5
[LOG] SystemI::createSoundInternal             : exinfo->useropen           = 0x38200b18c
[LOG] SystemI::createSoundInternal             : exinfo->userclose          = 0x38200b25c
[LOG] SystemI::createSoundInternal             : exinfo->userread           = 0x38200b298
[LOG] SystemI::createSoundInternal             : exinfo->userseek           = 0x38200b368
[LOG] SystemI::createSoundInternal             : exinfo->fileuserdata       = 0x152720b78
[LOG] SystemI::createSoundInternal             : exinfo->initialseekpostype = 1
[LOG] SystemI::DSPCodecPoolRegister            : register codec pool for pool type 5
[LOG] SystemI::createSoundInternal             : Sample 0/1: name='LIQBubl_Plunger Bubbles Into Goopy Polenta_Felix Davin BPS 9 - Trimmed', format=5, channels=2, frequency=48000, lengthbytes=7712, lengthpcm=21828, pcmblocksize=0, loopstart=0, loopend=0, mode=0x00000000, channelmask=0x00000000, channelorder=0, peakvolume=0.134705.
[LOG] SystemI::createSoundInternal             : Create name='', mode=0x02000202
[LOG] SystemI::createSoundInternal             : exinfo->cbsize             = 224
[LOG] SystemI::createSoundInternal             : exinfo->length             = 2545536
[LOG] SystemI::createSoundInternal             : exinfo->fileoffset         = 84576
[LOG] SystemI::createSoundInternal             : exinfo->numsubsounds       = 1
[LOG] SystemI::createSoundInternal             : exinfo->inclusionlist      = 0x16bf9a7f4
[LOG] SystemI::createSoundInternal             : exinfo->inclusionlistnum   = 1
[LOG] SystemI::createSoundInternal             : exinfo->suggestedsoundtype = 5
[LOG] SystemI::createSoundInternal             : exinfo->useropen           = 0x38200b18c
[LOG] SystemI::createSoundInternal             : exinfo->userclose          = 0x38200b25c
[LOG] SystemI::createSoundInternal             : exinfo->userread           = 0x38200b298
[LOG] SystemI::createSoundInternal             : exinfo->userseek           = 0x38200b368
[LOG] SystemI::createSoundInternal             : exinfo->fileuserdata       = 0x152720b78
[LOG] SystemI::createSoundInternal             : exinfo->initialseekpostype = 1
[LOG] SystemI::DSPCodecPoolRegister            : register codec pool for pool type 5
[LOG] SystemI::createSoundInternal             : Sample 0/1: name='Amb_Thunder_RFX_02', format=5, channels=1, frequency=48000, lengthbytes=34944, lengthpcm=402540, pcmblocksize=0, loopstart=0, loopend=0, mode=0x00000000, channelmask=0x00000000, channelorder=0, peakvolume=0.618015.
[LOG] SystemI::createSound                     : filename = Assets/Sound/Desktop/Master.bank : mode 02010082
[LOG] SystemI::createSound                     : FMOD_NONBLOCKING specified.  Putting into queue to be opened asynchronously!
[LOG] AsyncThread::add                         : add sound to async queue : soundi = 0x1567dae88, queue head = 0x33857ca08, queue count = 0
[LOG] AsyncThread::threadFunc                  : Starting Asynchronous operation on sound 0x1567dae88
[LOG] SystemI::createSoundInternal             :     Create name='Assets/Sound/Desktop/Master.bank', mode=0x02010082
[LOG] SystemI::createSoundInternal             :     exinfo->cbsize             = 224
[LOG] SystemI::createSoundInternal             :     exinfo->length             = 2545536
[LOG] SystemI::createSoundInternal             :     exinfo->fileoffset         = 84576
[LOG] SystemI::createSoundInternal             :     exinfo->numsubsounds       = 1
[LOG] SystemI::createSoundInternal             :     exinfo->inclusionlist      = 0x1567cadc0
[LOG] SystemI::createSoundInternal             :     exinfo->inclusionlistnum   = 1
[LOG] SystemI::createSoundInternal             :     exinfo->suggestedsoundtype = 5
[LOG] SystemI::createSoundInternal             :     exinfo->initialseekposition = 48868
[LOG] SystemI::createSoundInternal             :     exinfo->initialseekpostype = 1
[LOG] SystemI::createSoundInternal             :     Stream 0/1: name='Amb_Thunder_Pad', format=5, channels=2, frequency=48000, lengthbytes=830496, lengthpcm=3264000, pcmblocksize=0, loopstart=0, loopend=0, mode=0x00000000, channelmask=0x00000000, channelorder=0, peakvolume=0.784360.
[LOG] AsyncThread::threadFunc                  : Finished Asynchronous operation on sound 0x1567dae88
[LOG] SystemI::createSoundInternal             : Create name='', mode=0x02000202
[LOG] SystemI::createSoundInternal             : exinfo->cbsize             = 224
[LOG] SystemI::createSoundInternal             : exinfo->length             = 2545536
[LOG] SystemI::createSoundInternal             : exinfo->fileoffset         = 84576
[LOG] SystemI::createSoundInternal             : exinfo->numsubsounds       = 1
[LOG] SystemI::createSoundInternal             : exinfo->inclusionlist      = 0x16bf9a7f4
[LOG] SystemI::createSoundInternal             : exinfo->inclusionlistnum   = 1
[LOG] SystemI::createSoundInternal             : exinfo->suggestedsoundtype = 5
[LOG] SystemI::createSoundInternal             : exinfo->useropen           = 0x38200b18c
[LOG] SystemI::createSoundInternal             : exinfo->userclose          = 0x38200b25c
[LOG] SystemI::createSoundInternal             : exinfo->userread           = 0x38200b298
[LOG] SystemI::createSoundInternal             : exinfo->userseek           = 0x38200b368
[LOG] SystemI::createSoundInternal             : exinfo->fileuserdata       = 0x11cb672f8
[LOG] SystemI::createSoundInternal             : exinfo->initialseekpostype = 1
[LOG] SystemI::DSPCodecPoolRegister            : register codec pool for pool type 5
[LOG] SystemI::createSoundInternal             : Sample 0/1: name='ROCKImpt-LR_Croatia-Impact Rock Smash Sound Effects   30 ROCKImpt, Impact, Hit, Smash, Dropping, Falling, Rattle, Texture, Rocky Beach, 30_FTUS_AIOL_192k32b 1', format=5, channels=1, frequency=48000, lengthbytes=4000, lengthpcm=22900, pcmblocksize=0, loopstart=0, loopend=0, mode=0x00000000, channelmask=0x00000000, channelorder=0, peakvolume=0.608135.
[WRN] FMOD_CHECKATTRIBUTES                     : Position vector { 1e+18, 1e+18, 1e+18 } is out of range.
[WRN] FMOD_CHECKATTRIBUTES                     : Position vector { 1e+18, 1e+18, 1e+18 } is out of range.
[LOG] SystemI::createSoundInternal             : Create name='', mode=0x02000202
[LOG] SystemI::createSoundInternal             : exinfo->cbsize             = 224
[LOG] SystemI::createSoundInternal             : exinfo->length             = 2545536
[LOG] SystemI::createSoundInternal             : exinfo->fileoffset         = 84576
[LOG] SystemI::createSoundInternal             : exinfo->numsubsounds       = 1
[LOG] SystemI::createSoundInternal             : exinfo->inclusionlist      = 0x16bf9a7f4
[LOG] SystemI::createSoundInternal             : exinfo->inclusionlistnum   = 1
[LOG] SystemI::createSoundInternal             : exinfo->suggestedsoundtype = 5
[LOG] SystemI::createSoundInternal             : exinfo->useropen           = 0x38200b18c
[LOG] SystemI::createSoundInternal             : exinfo->userclose          = 0x38200b25c
[LOG] SystemI::createSoundInternal             : exinfo->userread           = 0x38200b298
[LOG] SystemI::createSoundInternal             : exinfo->userseek           = 0x38200b368
[LOG] SystemI::createSoundInternal             : exinfo->fileuserdata       = 0x157e15d38
[LOG] SystemI::createSoundInternal             : exinfo->initialseekpostype = 1
[LOG] SystemI::DSPCodecPoolRegister            : register codec pool for pool type 5
[LOG] SystemI::createSoundInternal             : Sample 0/1: name='Rocks, Impact, Brick, Hit Ground, Light SND23813', format=5, channels=2, frequency=48000, lengthbytes=3424, lengthpcm=10836, pcmblocksize=0, loopstart=0, loopend=0, mode=0x00000000, channelmask=0x00000000, channelorder=0, peakvolume=0.702857.
[WRN] FMOD_CHECKATTRIBUTES                     : Position vector { 1e+18, 1e+18, 1e+18 } is out of range.
[WRN] FMOD_CHECKATTRIBUTES                     : Position vector { 1e+18, 1e+18, 1e+18 } is out of range.
[WRN] FMOD_CHECKATTRIBUTES                     : Position vector { 1e+18, 1e+18, 1e+18 } is out of range.
[WRN] FMOD_CHECKATTRIBUTES                     : Position vector { 1e+18, 1e+18, 1e+18 } is out of range.
[LOG] SystemI::createSoundInternal             : Create name='', mode=0x02000202
[LOG] SystemI::createSoundInternal             : exinfo->cbsize             = 224
[LOG] SystemI::createSoundInternal             : exinfo->length             = 2545536
[LOG] SystemI::createSoundInternal             : exinfo->fileoffset         = 84576
[LOG] SystemI::createSoundInternal             : exinfo->numsubsounds       = 1
[LOG] SystemI::createSoundInternal             : exinfo->inclusionlist      = 0x16bf9a7f4
[LOG] SystemI::createSoundInternal             : exinfo->inclusionlistnum   = 1
[LOG] SystemI::createSoundInternal             : exinfo->suggestedsoundtype = 5
[LOG] SystemI::createSoundInternal             : exinfo->useropen           = 0x38200b18c
[LOG] SystemI::createSoundInternal             : exinfo->userclose          = 0x38200b25c
[LOG] SystemI::createSoundInternal             : exinfo->userread           = 0x38200b298
[LOG] SystemI::createSoundInternal             : exinfo->userseek           = 0x38200b368
[LOG] SystemI::createSoundInternal             : exinfo->fileuserdata       = 0x11cb672f8
[LOG] SystemI::createSoundInternal             : exinfo->initialseekpostype = 1
[LOG] SystemI::DSPCodecPoolRegister            : register codec pool for pool type 5
[LOG] SystemI::createSoundInternal             : Sample 0/1: name='Fight, Bodyfall, Asphalt, Concrete 04 SND120894 2', format=5, channels=2, frequency=48000, lengthbytes=3488, lengthpcm=14100, pcmblocksize=0, loopstart=0, loopend=0, mode=0x00000000, channelmask=0x00000000, channelorder=0, peakvolume=0.438332.
[LOG] SystemI::createSoundInternal             : Create name='', mode=0x02000202
[LOG] SystemI::createSoundInternal             : exinfo->cbsize             = 224
[LOG] SystemI::createSoundInternal             : exinfo->length             = 2545536
[LOG] SystemI::createSoundInternal             : exinfo->fileoffset         = 84576
[LOG] SystemI::createSoundInternal             : exinfo->numsubsounds       = 1
[LOG] SystemI::createSoundInternal             : exinfo->inclusionlist      = 0x16bf9a7f4
[LOG] SystemI::createSoundInternal             : exinfo->inclusionlistnum   = 1
[LOG] SystemI::createSoundInternal             : exinfo->suggestedsoundtype = 5
[LOG] SystemI::createSoundInternal             : exinfo->useropen           = 0x38200b18c
[LOG] SystemI::createSoundInternal             : exinfo->userclose          = 0x38200b25c
[LOG] SystemI::createSoundInternal             : exinfo->userread           = 0x38200b298
[LOG] SystemI::createSoundInternal             : exinfo->userseek           = 0x38200b368
[LOG] SystemI::createSoundInternal             : exinfo->fileuserdata       = 0x11cb672f8
[LOG] SystemI::createSoundInternal             : exinfo->initialseekpostype = 1
[LOG] SystemI::DSPCodecPoolRegister            : register codec pool for pool type 5
[LOG] SystemI::createSoundInternal             : Sample 0/1: name='Fight, Bodyfall, Asphalt, Concrete 04 SND120894 5', format=5, channels=2, frequency=48000, lengthbytes=4032, lengthpcm=17373, pcmblocksize=0, loopstart=0, loopend=0, mode=0x00000000, channelmask=0x00000000, channelorder=0, peakvolume=0.441165.
[LOG] SystemI::createSoundInternal             : Create name='', mode=0x02000202
[LOG] SystemI::createSoundInternal             : exinfo->cbsize             = 224
[LOG] SystemI::createSoundInternal             : exinfo->length             = 2545536
[LOG] SystemI::createSoundInternal             : exinfo->fileoffset         = 84576
[LOG] SystemI::createSoundInternal             : exinfo->numsubsounds       = 1
[LOG] SystemI::createSoundInternal             : exinfo->inclusionlist      = 0x16bf9a7f4
[LOG] SystemI::createSoundInternal             : exinfo->inclusionlistnum   = 1
[LOG] SystemI::createSoundInternal             : exinfo->suggestedsoundtype = 5
[LOG] SystemI::createSoundInternal             : exinfo->useropen           = 0x38200b18c
[LOG] SystemI::createSoundInternal             : exinfo->userclose          = 0x38200b25c
[LOG] SystemI::createSoundInternal             : exinfo->userread           = 0x38200b298
[LOG] SystemI::createSoundInternal             : exinfo->userseek           = 0x38200b368
[LOG] SystemI::createSoundInternal             : exinfo->fileuserdata       = 0x11cb672f8
[LOG] SystemI::createSoundInternal             : exinfo->initialseekpostype = 1
[LOG] SystemI::DSPCodecPoolRegister            : register codec pool for pool type 5
[LOG] SystemI::createSoundInternal             : Sample 0/1: name='Fight, Bodyfall, Asphalt, Concrete 04 SND120894 4', format=5, channels=2, frequency=48000, lengthbytes=5664, lengthpcm=19294, pcmblocksize=0, loopstart=0, loopend=0, mode=0x00000000, channelmask=0x00000000, channelorder=0, peakvolume=0.384877.
[LOG] SystemI::createSoundInternal             : Create name='', mode=0x02000202
[LOG] SystemI::createSoundInternal             : exinfo->cbsize             = 224
[LOG] SystemI::createSoundInternal             : exinfo->length             = 2545536
[LOG] SystemI::createSoundInternal             : exinfo->fileoffset         = 84576
[LOG] SystemI::createSoundInternal             : exinfo->numsubsounds       = 1
[LOG] SystemI::createSoundInternal             : exinfo->inclusionlist      = 0x16bf9a7f4
[LOG] SystemI::createSoundInternal             : exinfo->inclusionlistnum   = 1
[LOG] SystemI::createSoundInternal             : exinfo->suggestedsoundtype = 5
[LOG] SystemI::createSoundInternal             : exinfo->useropen           = 0x38200b18c
[LOG] SystemI::createSoundInternal             : exinfo->userclose          = 0x38200b25c
[LOG] SystemI::createSoundInternal             : exinfo->userread           = 0x38200b298
[LOG] SystemI::createSoundInternal             : exinfo->userseek           = 0x38200b368
[LOG] SystemI::createSoundInternal             : exinfo->fileuserdata       = 0x11cb672f8
[LOG] SystemI::createSoundInternal             : exinfo->initialseekpostype = 1
[LOG] SystemI::DSPCodecPoolRegister            : register codec pool for pool type 5
[LOG] SystemI::createSoundInternal             : Sample 0/1: name='Fight, Bodyfall, Asphalt, Concrete 04 SND120894 1', format=5, channels=2, frequency=48000, lengthbytes=3264, lengthpcm=12856, pcmblocksize=0, loopstart=0, loopend=0, mode=0x00000000, channelmask=0x00000000, channelorder=0, peakvolume=0.396325.
[LOG] SystemI::createSoundInternal             : Create name='', mode=0x02000202
[LOG] SystemI::createSoundInternal             : exinfo->cbsize             = 224
[LOG] SystemI::createSoundInternal             : exinfo->length             = 2545536
[LOG] SystemI::createSoundInternal             : exinfo->fileoffset         = 84576
[LOG] SystemI::createSoundInternal             : exinfo->numsubsounds       = 1
[LOG] SystemI::createSoundInternal             : exinfo->inclusionlist      = 0x16bf9a7f4
[LOG] SystemI::createSoundInternal             : exinfo->inclusionlistnum   = 1
[LOG] SystemI::createSoundInternal             : exinfo->suggestedsoundtype = 5
[LOG] SystemI::createSoundInternal             : exinfo->useropen           = 0x38200b18c
[LOG] SystemI::createSoundInternal             : exinfo->userclose          = 0x38200b25c
[LOG] SystemI::createSoundInternal             : exinfo->userread           = 0x38200b298
[LOG] SystemI::createSoundInternal             : exinfo->userseek           = 0x38200b368
[LOG] SystemI::createSoundInternal             : exinfo->fileuserdata       = 0x11cb672f8
[LOG] SystemI::createSoundInternal             : exinfo->initialseekpostype = 1
[LOG] SystemI::DSPCodecPoolRegister            : register codec pool for pool type 5
[LOG] SystemI::createSoundInternal             : Sample 0/1: name='Fight, Bodyfall, Asphalt, Concrete 04 SND120894 3', format=5, channels=2, frequency=48000, lengthbytes=5088, lengthpcm=24335, pcmblocksize=0, loopstart=0, loopend=0, mode=0x00000000, channelmask=0x00000000, channelorder=0, peakvolume=0.435834.
[WRN] FMOD_CHECKATTRIBUTES                     : Position vector { 1e+18, 1e+18, 1e+18 } is out of range.
[WRN] FMOD_CHECKATTRIBUTES                     : Position vector { 1e+18, 1e+18, 1e+18 } is out of range.
[WRN] FMOD_CHECKATTRIBUTES                     : Position vector { 1e+18, 1e+18, 1e+18 } is out of range.
[WRN] FMOD_CHECKATTRIBUTES                     : Position vector { 1e+18, 1e+18, 1e+18 } is out of range.
[LOG] SystemI::createSound                     : filename = Assets/Sound/Desktop/Master.bank : mode 02010082
[LOG] SystemI::createSound                     : FMOD_NONBLOCKING specified.  Putting into queue to be opened asynchronously!
[LOG] AsyncThread::add                         : add sound to async queue : soundi = 0x1567d5388, queue head = 0x33857ca08, queue count = 0
[LOG] AsyncThread::threadFunc                  : Starting Asynchronous operation on sound 0x1567d5388
[LOG] SystemI::createSoundInternal             :     Create name='Assets/Sound/Desktop/Master.bank', mode=0x02010082
[LOG] SystemI::createSoundInternal             :     exinfo->cbsize             = 224
[LOG] SystemI::createSoundInternal             :     exinfo->length             = 2545536
[LOG] SystemI::createSoundInternal             :     exinfo->fileoffset         = 84576
[LOG] SystemI::createSoundInternal             :     exinfo->numsubsounds       = 1
[LOG] SystemI::createSoundInternal             :     exinfo->inclusionlist      = 0x1567397f0
[LOG] SystemI::createSoundInternal             :     exinfo->inclusionlistnum   = 1
[LOG] SystemI::createSoundInternal             :     exinfo->suggestedsoundtype = 5
[LOG] SystemI::createSoundInternal             :     exinfo->initialseekpostype = 1
[LOG] SystemI::createSoundInternal             :     Stream 0/1: name='Amb_Thunder_RFX_07', format=5, channels=1, frequency=48000, lengthbytes=60992, lengthpcm=819868, pcmblocksize=0, loopstart=0, loopend=0, mode=0x00000000, channelmask=0x00000000, channelorder=0, peakvolume=0.446916.
[LOG] AsyncThread::threadFunc                  : Finished Asynchronous operation on sound 0x1567d5388
[WRN] FMOD_CHECKATTRIBUTES                     : Position vector { 1e+18, 1e+18, 1e+18 } is out of range.
[LOG] SoundI::release                          :  (0x157e16308)
[LOG] SoundI::release                          :     Rocks, Impact, Brick, Hit Ground, Light SND23813 (0x157e16478)
[LOG] SoundI::release                          :  (0x155e051f8)
[LOG] SoundI::release                          :     ROCKImpt-LR_Croatia-Impact Rock Smash Sound Effects   30 ROCKImpt, Impact, Hit, Smash, Dropping, Falling, Rattle, Texture, Rocky Beach, 30_FTUS_AIOL_192k32b 1 (0x3988f4e18)
[LOG] SoundI::release                          :  (0x39882ed48)
[LOG] SoundI::release                          :     Fight, Bodyfall, Asphalt, Concrete 04 SND120894 5 (0x3988e66c8)
[LOG] SoundI::release                          :  (0x3988c39d8)
[LOG] SoundI::release                          :     Fight, Bodyfall, Asphalt, Concrete 04 SND120894 4 (0x3988903a8)
[LOG] SoundI::release                          :  (0x398840cc8)
[LOG] SoundI::release                          :     Fight, Bodyfall, Asphalt, Concrete 04 SND120894 3 (0x3988521d8)
[LOG] SoundI::release                          :  (0x3988c4dd8)
[LOG] SoundI::release                          :     Fight, Bodyfall, Asphalt, Concrete 04 SND120894 2 (0x3988c1698)
[LOG] SoundI::release                          :  (0x398875a78)
[LOG] SoundI::release                          :     Fight, Bodyfall, Asphalt, Concrete 04 SND120894 1 (0x3988706c8)
[LOG] SoundI::release                          :  (0x155ebbce8)
[LOG] SoundI::release                          :     LIQBubl_Plunger Bubbles Into Goopy Polenta_Felix Davin BPS 8 - Trimmed (0x155e0c1e8)
[LOG] SoundI::release                          :  (0x155ef3ed8)
[LOG] SoundI::release                          :     LIQBubl_Plunger Bubbles Into Goopy Polenta_Felix Davin BPS 7 - Trimmed (0x155e092b8)
[LOG] SoundI::release                          : Amb_Thunder_RFX_07 (0x1567d5388)
[LOG] SoundI::release                          :     Amb_Thunder_RFX_07 (0x3925bf558)
[LOG] SoundI::release                          :     Amb_Thunder_RFX_07 (0x3925c6df8)
[LOG] SoundI::release                          : Amb_Thunder_Pad (0x1567dae88)
[LOG] SoundI::release                          :     Amb_Thunder_Pad (0x155e06b78)
[LOG] SoundI::release                          :     Amb_Thunder_Pad (0x155e06d08)
[LOG] SoundI::release                          :  (0x155ef2ea8)
[LOG] SoundI::release                          :     LIQBubl_Plunger Bubbles Into Goopy Polenta_Felix Davin BPS 5 - Trimmed (0x155e07fc8)
[LOG] SoundI::release                          :  (0x150c24fc8)
[LOG] SoundI::release                          :     LIQBubl_Plunger Bubbles Into Goopy Polenta_Felix Davin BPS 4 - Trimmed (0x150c08c98)
[LOG] SoundI::release                          :  (0x150c07b18)
[LOG] SoundI::release                          :     LIQBubl_Plunger Bubbles Into Goopy Polenta_Felix Davin BPS 6 - Trimmed (0x150c07c88)
[LOG] SoundI::release                          :  (0x150c06cd8)
[LOG] SoundI::release                          :     LIQBubl_Plunger Bubbles Into Goopy Polenta_Felix Davin BPS 9 - Trimmed (0x150c06068)
[LOG] SoundI::release                          :  (0x152725a68)
[LOG] SoundI::release                          :     LIQBubl_Plunger Bubbles Into Goopy Polenta_Felix Davin BPS 11 - Trimmed (0x15271cb28)
[LOG] SoundI::release                          :  (0x155e07ca8)
[LOG] SoundI::release                          :     LIQBubl_Plunger Bubbles Into Goopy Polenta_Felix Davin BPS 10 - Trimmed (0x155e06668)
[LOG] SoundI::release                          :  (0x150c1c6e8)
[LOG] SoundI::release                          :     B (0x150c09548)
[LOG] SoundI::release                          :  (0x155ee2fe8)
[LOG] SoundI::release                          :     WATRBubl_Straw Blow Bubbles Multi Short_Kristen Quinn_CSWaterIce_Aquarian Audio H2a 9 (0x155e07348)
[LOG] SoundI::release                          :  (0x155ee3e88)
[LOG] SoundI::release                          :     WATRBubl_Straw Blow Bubbles Multi Short_Kristen Quinn_CSWaterIce_Aquarian Audio H2a 7 (0x155e07668)
[LOG] SoundI::release                          :  (0x150c096d8)
[LOG] SoundI::release                          :     WATRBubl_Straw Blow Bubbles Multi Short_Kristen Quinn_CSWaterIce_Aquarian Audio H2a 6 (0x150c09cd8)
[LOG] SoundI::release                          :  (0x150c232f8)
[LOG] SoundI::release                          :     WATRBubl_Straw Blow Bubbles Multi Short_Kristen Quinn_CSWaterIce_Aquarian Audio H2a 5 (0x150c09ff8)
[LOG] SoundI::release                          :  (0x155ef3778)
[LOG] SoundI::release                          :     WATRBubl_Straw Blow Bubbles Multi Short_Kristen Quinn_CSWaterIce_Aquarian Audio H2a 8 (0x155e3d0a8)
[LOG] SoundI::release                          :  (0x155ef0178)
[LOG] SoundI::release                          :     WATRBubl_Straw Blow Bubbles Multi Short_Kristen Quinn_CSWaterIce_Aquarian Audio H2a 4 (0x155e08608)
[LOG] SoundI::release                          :  (0x155ef1778)
[LOG] SoundI::release                          :     WATRBubl_Straw Blow Bubbles Multi Short_Kristen Quinn_CSWaterIce_Aquarian Audio H2a 10 (0x155e082e8)
[LOG] SoundI::release                          :  (0x150c3e168)
[LOG] SoundI::release                          :     WATRBubl_Straw Blow Bubbles Multi Short_Kristen Quinn_CSWaterIce_Aquarian Audio H2a 2 (0x3970f6358)
[LOG] SoundI::release                          :  (0x150c222e8)
[LOG] SoundI::release                          :     WATRBubl_Straw Blow Bubbles Multi Short_Kristen Quinn_CSWaterIce_Aquarian Audio H2a 1 (0x150c0a318)
[LOG] SoundI::release                          :  (0x150c1e578)
[LOG] SoundI::release                          :     WATRBubl_Straw Blow Bubbles Multi Short_Kristen Quinn_CSWaterIce_Aquarian Audio H2a (0x150c08fb8)
[LOG] SoundI::release                          :  (0x15271dcf8)
[LOG] SoundI::release                          :     Amb_Thunder_RFX_08 (0x15271de68)
[LOG] SoundI::release                          :  (0x155ed7428)
[LOG] SoundI::release                          :     Amb_Thunder_RFX_04 (0x155e07988)
[LOG] SoundI::release                          :  (0x150c06848)
[LOG] SoundI::release                          :     Amb_Thunder_RFX_03 (0x150c069b8)
[LOG] SoundI::release                          :  (0x150c06388)
[LOG] SoundI::release                          :     Amb_Thunder_RFX_02 (0x150c064f8)
[LOG] SoundI::release                          :  (0x155ee3af8)
[LOG] SoundI::release                          :     Amb_Thunder_RFX_01 (0x155e07028)
[LOG] Thread::callback                         : FMOD Studio update thread finished.
[LOG] Thread::callback                         : FMOD Studio bank load thread finished.
[LOG] Profile::disconnectAll                   : Profiler disconnecting all clients
[LOG] Thread::callback                         : FMOD Studio sample load thread finished.
[LOG] LiveUpdate::release                      : 
[LOG] LiveUpdate::reset                        : Reset connection (reason Disconnected)
[LOG] Thread::callback                         : FMOD stream thread finished.
[LOG] Thread::callback                         : FMOD mixer thread finished.
[LOG] Profile::disconnectAll                   : Profiler disconnecting all clients
[LOG] SystemI::close                           : Closed.
>>>>>>> aad3ca3 (Add FMOD events.)
